<?xml version="1.0" encoding="utf-8"?>
<TestRun id="81692512-e8c4-4ff2-a1f8-09460cb7cb86" name="MilosJancic@KOHINOOR 2026-09-06 15:06:05" runUser="AzureAD\MilosJancic" xmlns="http://microsoft.com/schemas/VisualStudio/TeamTest/2010">
  <Times creation="2026-09-06T15:06:05.9619001+02:00" queuing="2026-09-06T15:06:05.9619006+02:00" start="2026-09-06T15:05:49.0960174+02:00" finish="2026-09-06T15:06:05.9670787+02:00" />
  <TestSettings name="default" id="5eac9e91-b7c2-42d1-9a1f-78fbf58edb15">
    <Deployment runDeploymentRoot="MilosJancic_KOHINOOR_2026-09-06_15_06_05" />
  </TestSettings>
  <Results>
    <UnitTestResult executionId="0573e22c-dd4f-4cd0-a1af-c6692afb84dd" testId="de537fc0-6601-16b4-97e3-72c6835f17ee" testName="PlaywrightTests.TC0002_Verify_HomePage_Title.VerifyHomePageTitle" computerName="KOHINOOR" duration="00:00:05.1499815" startTime="2026-09-06T15:05:50.5684758+02:00" endTime="2026-09-06T15:06:05.8567508+02:00" testType="13cdc9d9-ddb5-4fa4-a97d-d965ccfc6d4b" outcome="Passed" testListId="8c84fa94-04c1-424b-9868-57a2d4851a1d" relativeResultsDirectory="0573e22c-dd4f-4cd0-a1af-c6692afb84dd" />
  </Results>
  <TestDefinitions>
    <UnitTest name="PlaywrightTests.TC0002_Verify_HomePage_Title.VerifyHomePageTitle" storage="c:\users\milosjancic\source\repos\xunitplaywrighttests\bin\debug\net10.0\playwrighttests.dll" id="de537fc0-6601-16b4-97e3-72c6835f17ee">
      <Execution id="0573e22c-dd4f-4cd0-a1af-c6692afb84dd" />
      <TestMethod codeBase="C:\Users\MilosJancic\source\repos\xUnitPlaywrightTests\bin\Debug\net10.0\PlaywrightTests.dll" adapterTypeName="executor://xunit/VsTestRunner3/netcore/" className="PlaywrightTests.TC0002_Verify_HomePage_Title" name="VerifyHomePageTitle" />
    </UnitTest>
  </TestDefinitions>
  <TestEntries>
    <TestEntry testId="de537fc0-6601-16b4-97e3-72c6835f17ee" executionId="0573e22c-dd4f-4cd0-a1af-c6692afb84dd" testListId="8c84fa94-04c1-424b-9868-57a2d4851a1d" />
  </TestEntries>
  <TestLists>
    <TestList name="Results Not in a List" id="8c84fa94-04c1-424b-9868-57a2d4851a1d" />
    <TestList name="All Loaded Results" id="19431567-8539-422a-85d7-44ee4e166bda" />
  </TestLists>
  <ResultSummary outcome="Completed">
    <Counters total="1" executed="1" passed="1" failed="0" error="0" timeout="0" aborted="0" inconclusive="0" passedButRunAborted="0" notRunnable="0" notExecuted="0" disconnected="0" warning="0" completed="0" inProgress="0" pending="0" />
    <Output>
      <StdOut>[xUnit.net 00:00:00.00] xUnit.net VSTest Adapter v3.1.4+50e68bbb8b (64-bit .NET 10.0.11)&#xD;
[xUnit.net 00:00:00.40]   Discovering: PlaywrightTests&#xD;
[xUnit.net 00:00:00.45]   Discovered:  PlaywrightTests&#xD;
[xUnit.net 00:00:00.48]   Starting:    PlaywrightTests&#xD;
TC0002: Verify HomePage Title is started!&#xD;
TC0002: Verify HomePage Title is completed!&#xD;
[xUnit.net 00:00:15.82]   Finished:    PlaywrightTests&#xD;
</StdOut>
    </Output>
  </ResultSummary>
</TestRun>